2020-02-13T17:45:42+00:00 DEBUG 
====Stripe Version: 4.2.5====
====Start Log====
Keys are not set correctly.
====End Log====


2020-02-13T17:45:51+00:00 DEBUG 
====Stripe Version: 4.2.5====
====Start Log====
Keys are not set correctly.
====End Log====


2020-02-13T17:48:13+00:00 DEBUG 
====Stripe Version: 4.2.5====
====Start Log====
Keys are not set correctly.
====End Log====


2020-02-13T17:48:16+00:00 DEBUG 
====Stripe Version: 4.2.5====
====Start Log====
Keys are not set correctly.
====End Log====


2020-02-13T18:11:44+00:00 DEBUG 
====Stripe Version: 4.2.5====
====Start Log====
Keys are not set correctly.
====End Log====


2020-02-13T18:11:56+00:00 DEBUG 
====Stripe Version: 4.2.5====
====Start Log====
Keys are not set correctly.
====End Log====


